<?xml version="1.0" encoding="UTF-8"?>
<testsuite xmlns:xsi="http://www.w3.org/2001/XMLSchema-instance" xsi:noNamespaceSchemaLocation="https://maven.apache.org/surefire/maven-surefire-plugin/xsd/surefire-test-report.xsd" name="ft.sample.SampleTest" time="52.02" tests="1" errors="0" skipped="0" failures="0">
  <properties>
    <property name="sun.desktop" value="windows"/>
    <property name="log4j.configuration" value="file:src/test/resources/log4j.xml"/>
    <property name="awt.toolkit" value="sun.awt.windows.WToolkit"/>
    <property name="file.encoding.pkg" value="sun.io"/>
    <property name="java.specification.version" value="1.8"/>
    <property name="sun.cpu.isalist" value="amd64"/>
    <property name="sun.jnu.encoding" value="Cp1252"/>
    <property name="java.class.path" value="C:\VIL_IDEA\UCA_4_2_Workspace\IP_CEN_01\target\test-classes;C:\VIL_IDEA\UCA_4_2_Workspace\IP_CEN_01\target\classes;C:\Users\reddydc\Desktop\Trash\29-08-2019\IP\custom_lib\uttl-customtt-1.4.jar;C:\Users\reddydc\.m2\repository\com\hp\uca\common\uca-common\4.2.0\uca-common-4.2.0.jar;C:\Users\reddydc\.m2\repository\log4j\log4j\1.2.17\log4j-1.2.17.jar;C:\Users\reddydc\.m2\repository\org\slf4j\jcl-over-slf4j\1.7.25\jcl-over-slf4j-1.7.25.jar;C:\Users\reddydc\.m2\repository\org\slf4j\slf4j-api\1.7.25\slf4j-api-1.7.25.jar;C:\Users\reddydc\.m2\repository\org\slf4j\slf4j-log4j12\1.7.25\slf4j-log4j12-1.7.25.jar;C:\Users\reddydc\.m2\repository\commons-io\commons-io\2.6\commons-io-2.6.jar;C:\Users\reddydc\.m2\repository\commons-lang\commons-lang\2.6\commons-lang-2.6.jar;C:\Users\reddydc\.m2\repository\org\apache\commons\commons-lang3\3.8\commons-lang3-3.8.jar;C:\Users\reddydc\.m2\repository\org\apache\commons\commons-text\1.6\commons-text-1.6.jar;C:\Users\reddydc\.m2\repository\org\apache\commons\commons-collections4\4.1\commons-collections4-4.1.jar;C:\Users\reddydc\.m2\repository\com\fasterxml\jackson\core\jackson-annotations\2.9.8\jackson-annotations-2.9.8.jar;C:\Users\reddydc\.m2\repository\com\hp\umb\umb-adapter-fmk\4.2.0\umb-adapter-fmk-4.2.0.jar;C:\Users\reddydc\.m2\repository\commons-configuration\commons-configuration\1.10\commons-configuration-1.10.jar;C:\Users\reddydc\.m2\repository\org\apache\commons\commons-configuration2\2.4\commons-configuration2-2.4.jar;C:\Users\reddydc\.m2\repository\commons-beanutils\commons-beanutils\1.9.3\commons-beanutils-1.9.3.jar;C:\Users\reddydc\.m2\repository\commons-collections\commons-collections\3.2.2\commons-collections-3.2.2.jar;C:\Users\reddydc\.m2\repository\com\hazelcast\hazelcast\3.7.8\hazelcast-3.7.8.jar;C:\Users\reddydc\.m2\repository\com\hazelcast\hazelcast-client\3.7.8\hazelcast-client-3.7.8.jar;C:\Users\reddydc\.m2\repository\org\apache\kafka\kafka_2.11\2.0.0\kafka_2.11-2.0.0.jar;C:\Users\reddydc\.m2\repository\net\sf\jopt-simple\jopt-simple\5.0.4\jopt-simple-5.0.4.jar;C:\Users\reddydc\.m2\repository\com\yammer\metrics\metrics-core\2.2.0\metrics-core-2.2.0.jar;C:\Users\reddydc\.m2\repository\org\scala-lang\scala-reflect\2.11.12\scala-reflect-2.11.12.jar;C:\Users\reddydc\.m2\repository\com\typesafe\scala-logging\scala-logging_2.11\3.9.0\scala-logging_2.11-3.9.0.jar;C:\Users\reddydc\.m2\repository\org\apache\kafka\kafka-clients\2.0.0\kafka-clients-2.0.0.jar;C:\Users\reddydc\.m2\repository\org\lz4\lz4-java\1.4.1\lz4-java-1.4.1.jar;C:\Users\reddydc\.m2\repository\org\xerial\snappy\snappy-java\1.1.7.1\snappy-java-1.1.7.1.jar;C:\Users\reddydc\.m2\repository\org\apache\zookeeper\zookeeper\3.4.13\zookeeper-3.4.13.jar;C:\Users\reddydc\.m2\repository\jline\jline\0.9.94\jline-0.9.94.jar;C:\Users\reddydc\.m2\repository\org\apache\yetus\audience-annotations\0.5.0\audience-annotations-0.5.0.jar;C:\Users\reddydc\.m2\repository\io\netty\netty\3.10.6.Final\netty-3.10.6.Final.jar;C:\Users\reddydc\.m2\repository\com\101tec\zkclient\0.10\zkclient-0.10.jar;C:\Users\reddydc\.m2\repository\org\scala-lang\scala-library\2.11.12\scala-library-2.11.12.jar;C:\Users\reddydc\.m2\repository\org\apache\commons\commons-compress\1.18\commons-compress-1.18.jar;C:\Users\reddydc\.m2\repository\org\apache\avro\avro\1.8.2\avro-1.8.2.jar;C:\Users\reddydc\.m2\repository\org\codehaus\jackson\jackson-core-asl\1.9.13\jackson-core-asl-1.9.13.jar;C:\Users\reddydc\.m2\repository\org\codehaus\jackson\jackson-mapper-asl\1.9.13\jackson-mapper-asl-1.9.13.jar;C:\Users\reddydc\.m2\repository\com\thoughtworks\paranamer\paranamer\2.7\paranamer-2.7.jar;C:\Users\reddydc\.m2\repository\org\tukaani\xz\1.5\xz-1.5.jar;C:\Users\reddydc\.m2\repository\com\hp\uca\expert\uca-expert-engine\4.2.0\uca-expert-engine-4.2.0.jar;C:\Users\reddydc\.m2\repository\com\hpe\ngoss\utm\framework\UI\modelloader\dev\ModelLoaderCommon\4.2.0\ModelLoaderCommon-4.2.0.jar;C:\Users\reddydc\.m2\repository\com\hp\uca\expert\uca-ebc-engine-api\4.2.0\uca-ebc-engine-api-4.2.0.jar;C:\Users\reddydc\.m2\repository\javax\jms\javax.jms-api\2.0\javax.jms-api-2.0.jar;C:\Users\reddydc\.m2\repository\com\hpe\uca\eml\uca-eml-eval\4.2.0\uca-eml-eval-4.2.0.jar;C:\Users\reddydc\.m2\repository\org\antlr\antlr4-runtime\4.7\antlr4-runtime-4.7.jar;C:\Users\reddydc\.m2\repository\org\jetbrains\kotlin\kotlin-stdlib-jdk8\1.2.71\kotlin-stdlib-jdk8-1.2.71.jar;C:\Users\reddydc\.m2\repository\org\jetbrains\kotlin\kotlin-stdlib\1.2.71\kotlin-stdlib-1.2.71.jar;C:\Users\reddydc\.m2\repository\org\jetbrains\kotlin\kotlin-stdlib-common\1.2.71\kotlin-stdlib-common-1.2.71.jar;C:\Users\reddydc\.m2\repository\org\jetbrains\annotations\13.0\annotations-13.0.jar;C:\Users\reddydc\.m2\repository\org\jetbrains\kotlin\kotlin-stdlib-jdk7\1.2.71\kotlin-stdlib-jdk7-1.2.71.jar;C:\Users\reddydc\.m2\repository\com\hp\uca\expert\uca-ebc-topology\4.2.0\uca-ebc-topology-4.2.0.jar;C:\Users\reddydc\.m2\repository\com\hpe\uca\graphdb\cypher-client\4.2.0\cypher-client-4.2.0.jar;C:\Users\reddydc\.m2\repository\com\neo4j\app\neo4j-server-enterprise\3.5.5\neo4j-server-enterprise-3.5.5.jar;C:\Users\reddydc\.m2\repository\org\neo4j\app\neo4j-server\3.5.5\neo4j-server-3.5.5.jar;C:\Users\reddydc\.m2\repository\org\neo4j\neo4j-security\3.5.5\neo4j-security-3.5.5.jar;C:\Users\reddydc\.m2\repository\org\neo4j\server-api\3.5.5\server-api-3.5.5.jar;C:\Users\reddydc\.m2\repository\org\neo4j\3rdparty\javax\ws\rs\jsr311-api\1.1.2.r612\jsr311-api-1.1.2.r612.jar;C:\Users\reddydc\.m2\repository\org\neo4j\client\neo4j-browser\3.2.18\neo4j-browser-3.2.18.jar;C:\Users\reddydc\.m2\repository\com\sun\jersey\jersey-server\1.19\jersey-server-1.19.jar;C:\Users\reddydc\.m2\repository\com\sun\jersey\jersey-core\1.19\jersey-core-1.19.jar;C:\Users\reddydc\.m2\repository\com\sun\jersey\jersey-servlet\1.19\jersey-servlet-1.19.jar;C:\Users\reddydc\.m2\repository\org\codehaus\jackson\jackson-jaxrs\1.9.13\jackson-jaxrs-1.9.13.jar;C:\Users\reddydc\.m2\repository\org\bouncycastle\bcprov-jdk15on\1.60\bcprov-jdk15on-1.60.jar;C:\Users\reddydc\.m2\repository\javax\activation\activation\1.1.1\activation-1.1.1.jar;C:\Users\reddydc\.m2\repository\com\neo4j\neo4j-enterprise-cypher\3.5.5\neo4j-enterprise-cypher-3.5.5.jar;C:\Users\reddydc\.m2\repository\com\neo4j\neo4j-enterprise-kernel\3.5.5\neo4j-enterprise-kernel-3.5.5.jar;C:\Users\reddydc\.m2\repository\com\neo4j\neo4j-cypher-slotted-runtime\3.5.5\neo4j-cypher-slotted-runtime-3.5.5.jar;C:\Users\reddydc\.m2\repository\com\neo4j\neo4j-cypher-compiled-expressions\3.5.5\neo4j-cypher-compiled-expressions-3.5.5.jar;C:\Users\reddydc\.m2\repository\com\neo4j\neo4j-cypher-morsel-runtime\3.5.5\neo4j-cypher-morsel-runtime-3.5.5.jar;C:\Users\reddydc\.m2\repository\com\neo4j\neo4j-cypher-physical-planning\3.5.5\neo4j-cypher-physical-planning-3.5.5.jar;C:\Users\reddydc\.m2\repository\org\bitbucket\inkytonik\kiama\kiama_2.11\2.1.0\kiama_2.11-2.1.0.jar;C:\Users\reddydc\.m2\repository\org\rogach\scallop_2.11\2.1.1\scallop_2.11-2.1.1.jar;C:\Users\reddydc\.m2\repository\com\neo4j\neo4j-enterprise\3.5.5\neo4j-enterprise-3.5.5.jar;C:\Users\reddydc\.m2\repository\com\neo4j\neo4j-query-logging\3.5.5\neo4j-query-logging-3.5.5.jar;C:\Users\reddydc\.m2\repository\com\neo4j\neo4j-com\3.5.5\neo4j-com-3.5.5.jar;C:\Users\reddydc\.m2\repository\com\neo4j\neo4j-backup\3.5.5\neo4j-backup-3.5.5.jar;C:\Users\reddydc\.m2\repository\com\neo4j\neo4j-cluster\3.5.5\neo4j-cluster-3.5.5.jar;C:\Users\reddydc\.m2\repository\com\neo4j\neo4j-ha\3.5.5\neo4j-ha-3.5.5.jar;C:\Users\reddydc\.m2\repository\com\neo4j\neo4j-causal-clustering\3.5.5\neo4j-causal-clustering-3.5.5.jar;C:\Users\reddydc\.m2\repository\net\jpountz\lz4\lz4\1.3.0\lz4-1.3.0.jar;C:\Users\reddydc\.m2\repository\org\eclipse\jetty\jetty-client\9.4.11.v20180605\jetty-client-9.4.11.v20180605.jar;C:\Users\reddydc\.m2\repository\com\neo4j\neo4j-metrics\3.5.5\neo4j-metrics-3.5.5.jar;C:\Users\reddydc\.m2\repository\io\dropwizard\metrics\metrics-core\4.0.2\metrics-core-4.0.2.jar;C:\Users\reddydc\.m2\repository\io\dropwizard\metrics\metrics-graphite\4.0.2\metrics-graphite-4.0.2.jar;C:\Users\reddydc\.m2\repository\io\prometheus\simpleclient\0.5.0\simpleclient-0.5.0.jar;C:\Users\reddydc\.m2\repository\io\prometheus\simpleclient_httpserver\0.5.0\simpleclient_httpserver-0.5.0.jar;C:\Users\reddydc\.m2\repository\io\prometheus\simpleclient_common\0.5.0\simpleclient_common-0.5.0.jar;C:\Users\reddydc\.m2\repository\io\prometheus\simpleclient_dropwizard\0.5.0\simpleclient_dropwizard-0.5.0.jar;C:\Users\reddydc\.m2\repository\com\neo4j\neo4j-management\3.5.5\neo4j-management-3.5.5.jar;C:\Users\reddydc\.m2\repository\com\neo4j\neo4j-security-enterprise\3.5.5\neo4j-security-enterprise-3.5.5.jar;C:\Users\reddydc\.m2\repository\com\neo4j\neo4j-auth-plugin-api\3.5.5\neo4j-auth-plugin-api-3.5.5.jar;C:\Users\reddydc\.m2\repository\org\apache\shiro\shiro-core\1.4.0\shiro-core-1.4.0.jar;C:\Users\reddydc\.m2\repository\org\apache\shiro\shiro-lang\1.4.0\shiro-lang-1.4.0.jar;C:\Users\reddydc\.m2\repository\org\apache\shiro\shiro-cache\1.4.0\shiro-cache-1.4.0.jar;C:\Users\reddydc\.m2\repository\org\apache\shiro\shiro-crypto-hash\1.4.0\shiro-crypto-hash-1.4.0.jar;C:\Users\reddydc\.m2\repository\org\apache\shiro\shiro-crypto-core\1.4.0\shiro-crypto-core-1.4.0.jar;C:\Users\reddydc\.m2\repository\org\apache\shiro\shiro-crypto-cipher\1.4.0\shiro-crypto-cipher-1.4.0.jar;C:\Users\reddydc\.m2\repository\org\apache\shiro\shiro-config-core\1.4.0\shiro-config-core-1.4.0.jar;C:\Users\reddydc\.m2\repository\org\apache\shiro\shiro-config-ogdl\1.4.0\shiro-config-ogdl-1.4.0.jar;C:\Users\reddydc\.m2\repository\org\apache\shiro\shiro-event\1.4.0\shiro-event-1.4.0.jar;C:\Users\reddydc\.m2\repository\com\github\ben-manes\caffeine\caffeine\2.6.2\caffeine-2.6.2.jar;C:\Users\reddydc\.m2\repository\org\neo4j\neo4j-slf4j\3.5.5\neo4j-slf4j-3.5.5.jar;C:\Users\reddydc\.m2\repository\org\neo4j\neo4j-logging\3.5.5\neo4j-logging-3.5.5.jar;C:\Users\reddydc\.m2\repository\com\hpe\uca\graphdb\uca-neo4j-plugin\4.2.0\uca-neo4j-plugin-4.2.0.jar;C:\Users\reddydc\.m2\repository\com\typesafe\config\0.5.2\config-0.5.2.jar;C:\Users\reddydc\.m2\repository\com\hp\uca\expert\uca-mediation-action-client\4.2.0\uca-mediation-action-client-4.2.0.jar;C:\Users\reddydc\.m2\repository\com\hpe\uca\models\uca-model-query\4.2.0\uca-model-query-4.2.0.jar;C:\Users\reddydc\.m2\repository\com\hpe\autopassj\autopassj-common\9.6.3\autopassj-common-9.6.3.jar;C:\Users\reddydc\.m2\repository\com\hpe\autopassj\autopassj-core\9.6.3\autopassj-core-9.6.3.jar;C:\Users\reddydc\.m2\repository\com\hpe\autopassj\autopassj-crypto\9.6.3\autopassj-crypto-9.6.3.jar;C:\Users\reddydc\.m2\repository\com\hpe\autopassj\autopassj-usage\9.6.3\autopassj-usage-9.6.3.jar;C:\Users\reddydc\.m2\repository\com\hpe\autopassj\autopassj-connector\9.6.3\autopassj-connector-9.6.3.jar;C:\Users\reddydc\.m2\repository\hsqldb\hsqldb\1.8.0.10\hsqldb-1.8.0.10.jar;C:\Users\reddydc\.m2\repository\classworlds\classworlds\1.1\classworlds-1.1.jar;C:\Users\reddydc\.m2\repository\commons-dbcp\commons-dbcp\1.4\commons-dbcp-1.4.jar;C:\Users\reddydc\.m2\repository\commons-pool\commons-pool\1.5.4\commons-pool-1.5.4.jar;C:\Users\reddydc\.m2\repository\commons-logging\commons-logging\1.2\commons-logging-1.2.jar;C:\Users\reddydc\.m2\repository\commons-validator\commons-validator\1.6\commons-validator-1.6.jar;C:\Users\reddydc\.m2\repository\commons-digester\commons-digester\2.1\commons-digester-2.1.jar;C:\Users\reddydc\.m2\repository\com\sun\xsom\xsom\20140925\xsom-20140925.jar;C:\Users\reddydc\.m2\repository\relaxngDatatype\relaxngDatatype\20020414\relaxngDatatype-20020414.jar;C:\Users\reddydc\.m2\repository\org\drools\drools-core\7.7.0.Final\drools-core-7.7.0.Final.jar;C:\Users\reddydc\.m2\repository\org\mvel\mvel2\2.4.0.Final\mvel2-2.4.0.Final.jar;C:\Users\reddydc\.m2\repository\org\kie\soup\kie-soup-commons\7.7.0.Final\kie-soup-commons-7.7.0.Final.jar;C:\Users\reddydc\.m2\repository\org\kie\soup\kie-soup-project-datamodel-commons\7.7.0.Final\kie-soup-project-datamodel-commons-7.7.0.Final.jar;C:\Users\reddydc\.m2\repository\org\kie\soup\kie-soup-project-datamodel-api\7.7.0.Final\kie-soup-project-datamodel-api-7.7.0.Final.jar;C:\Users\reddydc\.m2\repository\commons-codec\commons-codec\1.10\commons-codec-1.10.jar;C:\Users\reddydc\.m2\repository\org\drools\drools-compiler\7.7.0.Final\drools-compiler-7.7.0.Final.jar;C:\Users\reddydc\.m2\repository\org\kie\soup\kie-soup-maven-support\7.7.0.Final\kie-soup-maven-support-7.7.0.Final.jar;C:\Users\reddydc\.m2\repository\org\antlr\antlr-runtime\3.5.2\antlr-runtime-3.5.2.jar;C:\Users\reddydc\.m2\repository\org\eclipse\jdt\core\compiler\ecj\4.4.2\ecj-4.4.2.jar;C:\Users\reddydc\.m2\repository\com\thoughtworks\xstream\xstream\1.4.10\xstream-1.4.10.jar;C:\Users\reddydc\.m2\repository\xmlpull\xmlpull\1.1.3.1\xmlpull-1.1.3.1.jar;C:\Users\reddydc\.m2\repository\xpp3\xpp3_min\1.1.4c\xpp3_min-1.1.4c.jar;C:\Users\reddydc\.m2\repository\com\google\protobuf\protobuf-java\2.6.0\protobuf-java-2.6.0.jar;C:\Users\reddydc\.m2\repository\org\drools\drools-templates\7.7.0.Final\drools-templates-7.7.0.Final.jar;C:\Users\reddydc\.m2\repository\org\drools\drools-decisiontables\7.7.0.Final\drools-decisiontables-7.7.0.Final.jar;C:\Users\reddydc\.m2\repository\org\apache\poi\poi-ooxml\3.16\poi-ooxml-3.16.jar;C:\Users\reddydc\.m2\repository\org\apache\poi\poi-ooxml-schemas\3.16\poi-ooxml-schemas-3.16.jar;C:\Users\reddydc\.m2\repository\org\apache\xmlbeans\xmlbeans\2.6.0\xmlbeans-2.6.0.jar;C:\Users\reddydc\.m2\repository\com\github\virtuald\curvesapi\1.04\curvesapi-1.04.jar;C:\Users\reddydc\.m2\repository\javax\xml\stream\stax-api\1.0-2\stax-api-1.0-2.jar;C:\Users\reddydc\.m2\repository\org\apache\poi\poi\3.16\poi-3.16.jar;C:\Users\reddydc\.m2\repository\org\kie\kie-api\7.7.0.Final\kie-api-7.7.0.Final.jar;C:\Users\reddydc\.m2\repository\org\kie\kie-internal\7.7.0.Final\kie-internal-7.7.0.Final.jar;C:\Users\reddydc\.m2\repository\org\springframework\spring-beans\5.0.8.RELEASE\spring-beans-5.0.8.RELEASE.jar;C:\Users\reddydc\.m2\repository\org\springframework\spring-aop\5.0.8.RELEASE\spring-aop-5.0.8.RELEASE.jar;C:\Users\reddydc\.m2\repository\org\springframework\spring-core\5.0.8.RELEASE\spring-core-5.0.8.RELEASE.jar;C:\Users\reddydc\.m2\repository\org\springframework\spring-jcl\5.0.8.RELEASE\spring-jcl-5.0.8.RELEASE.jar;C:\Users\reddydc\.m2\repository\org\springframework\spring-context\5.0.8.RELEASE\spring-context-5.0.8.RELEASE.jar;C:\Users\reddydc\.m2\repository\org\springframework\spring-expression\5.0.8.RELEASE\spring-expression-5.0.8.RELEASE.jar;C:\Users\reddydc\.m2\repository\org\springframework\spring-jms\5.0.8.RELEASE\spring-jms-5.0.8.RELEASE.jar;C:\Users\reddydc\.m2\repository\org\springframework\spring-messaging\5.0.8.RELEASE\spring-messaging-5.0.8.RELEASE.jar;C:\Users\reddydc\.m2\repository\org\springframework\spring-tx\5.0.8.RELEASE\spring-tx-5.0.8.RELEASE.jar;C:\Users\reddydc\.m2\repository\org\springframework\spring-jdbc\5.0.8.RELEASE\spring-jdbc-5.0.8.RELEASE.jar;C:\Users\reddydc\.m2\repository\org\springframework\spring-orm\5.0.8.RELEASE\spring-orm-5.0.8.RELEASE.jar;C:\Users\reddydc\.m2\repository\org\springframework\spring-context-support\5.0.8.RELEASE\spring-context-support-5.0.8.RELEASE.jar;C:\Users\reddydc\.m2\repository\org\apache\activemq\activemq-broker\5.15.8\activemq-broker-5.15.8.jar;C:\Users\reddydc\.m2\repository\com\google\guava\guava\18.0\guava-18.0.jar;C:\Users\reddydc\.m2\repository\org\apache\activemq\activemq-client\5.15.8\activemq-client-5.15.8.jar;C:\Users\reddydc\.m2\repository\org\fusesource\hawtbuf\hawtbuf\1.11\hawtbuf-1.11.jar;C:\Users\reddydc\.m2\repository\org\apache\geronimo\specs\geronimo-j2ee-management_1.1_spec\1.0.1\geronimo-j2ee-management_1.1_spec-1.0.1.jar;C:\Users\reddydc\.m2\repository\org\apache\activemq\activemq-spring\5.15.8\activemq-spring-5.15.8.jar;C:\Users\reddydc\.m2\repository\org\apache\activemq\activemq-pool\5.15.8\activemq-pool-5.15.8.jar;C:\Users\reddydc\.m2\repository\org\apache\activemq\activemq-jms-pool\5.15.8\activemq-jms-pool-5.15.8.jar;C:\Users\reddydc\.m2\repository\org\apache\geronimo\specs\geronimo-jta_1.0.1B_spec\1.0.1\geronimo-jta_1.0.1B_spec-1.0.1.jar;C:\Users\reddydc\.m2\repository\org\apache\commons\commons-pool2\2.4.2\commons-pool2-2.4.2.jar;C:\Users\reddydc\.m2\repository\org\apache\activemq\activemq-jaas\5.15.8\activemq-jaas-5.15.8.jar;C:\Users\reddydc\.m2\repository\org\apache\activemq\activemq-openwire-legacy\5.15.8\activemq-openwire-legacy-5.15.8.jar;C:\Users\reddydc\.m2\repository\org\neo4j\driver\neo4j-java-driver\1.7.2\neo4j-java-driver-1.7.2.jar;C:\Users\reddydc\.m2\repository\org\apache\geronimo\specs\geronimo-jms_1.1_spec\1.1.1\geronimo-jms_1.1_spec-1.1.1.jar;C:\Users\reddydc\.m2\repository\org\apache\xbean\xbean-spring\3.11.1\xbean-spring-3.11.1.jar;C:\Users\reddydc\.m2\repository\javax\annotation\jsr250-api\1.0\jsr250-api-1.0.jar;C:\Users\reddydc\.m2\repository\org\aspectj\aspectjrt\1.8.9\aspectjrt-1.8.9.jar;C:\Users\reddydc\.m2\repository\org\aspectj\aspectjweaver\1.8.9\aspectjweaver-1.8.9.jar;C:\Users\reddydc\.m2\repository\org\apache\commons\commons-jexl\2.1.1\commons-jexl-2.1.1.jar;C:\Users\reddydc\.m2\repository\org\eclipse\jetty\jetty-server\9.4.11.v20180605\jetty-server-9.4.11.v20180605.jar;C:\Users\reddydc\.m2\repository\javax\servlet\javax.servlet-api\3.1.0\javax.servlet-api-3.1.0.jar;C:\Users\reddydc\.m2\repository\org\eclipse\jetty\jetty-http\9.4.11.v20180605\jetty-http-9.4.11.v20180605.jar;C:\Users\reddydc\.m2\repository\org\eclipse\jetty\jetty-io\9.4.11.v20180605\jetty-io-9.4.11.v20180605.jar;C:\Users\reddydc\.m2\repository\org\eclipse\jetty\jetty-webapp\9.4.11.v20180605\jetty-webapp-9.4.11.v20180605.jar;C:\Users\reddydc\.m2\repository\org\eclipse\jetty\jetty-xml\9.4.11.v20180605\jetty-xml-9.4.11.v20180605.jar;C:\Users\reddydc\.m2\repository\org\eclipse\jetty\jetty-util\9.4.11.v20180605\jetty-util-9.4.11.v20180605.jar;C:\Users\reddydc\.m2\repository\org\eclipse\jetty\jetty-servlet\9.4.11.v20180605\jetty-servlet-9.4.11.v20180605.jar;C:\Users\reddydc\.m2\repository\org\eclipse\jetty\jetty-security\9.4.11.v20180605\jetty-security-9.4.11.v20180605.jar;C:\Users\reddydc\.m2\repository\org\jbpm\jbpm-bpmn2\7.7.0.Final\jbpm-bpmn2-7.7.0.Final.jar;C:\Users\reddydc\.m2\repository\org\jbpm\jbpm-flow\7.7.0.Final\jbpm-flow-7.7.0.Final.jar;C:\Users\reddydc\.m2\repository\org\kie\kie-dmn-api\7.7.0.Final\kie-dmn-api-7.7.0.Final.jar;C:\Users\reddydc\.m2\repository\org\jbpm\jbpm-flow-builder\7.7.0.Final\jbpm-flow-builder-7.7.0.Final.jar;C:\Users\reddydc\.m2\repository\org\mybatis\mybatis-spring\1.3.0\mybatis-spring-1.3.0.jar;C:\Users\reddydc\.m2\repository\org\mybatis\mybatis\3.4.1\mybatis-3.4.1.jar;C:\Users\reddydc\.m2\repository\com\fasterxml\jackson\core\jackson-databind\2.9.8\jackson-databind-2.9.8.jar;C:\Users\reddydc\.m2\repository\com\fasterxml\jackson\core\jackson-core\2.9.8\jackson-core-2.9.8.jar;C:\Users\reddydc\.m2\repository\com\h2database\h2\1.3.174\h2-1.3.174.jar;C:\Users\reddydc\.m2\repository\org\xmlunit\xmlunit-core\2.6.2\xmlunit-core-2.6.2.jar;C:\Users\reddydc\.m2\repository\com\hp\uca\expert\vp\im\uca-evp-im-common\4.2.0\uca-evp-im-common-4.2.0.jar;C:\Users\reddydc\.m2\repository\com\hp\uca\expert\vp\im\uca-evp-im-schemas\4.2.0\uca-evp-im-schemas-4.2.0.jar;C:\Users\reddydc\.m2\repository\org\jvnet\jaxb2_commons\jaxb2-basics-runtime\0.9.4\jaxb2-basics-runtime-0.9.4.jar;C:\Users\reddydc\.m2\repository\com\hp\uca\common\uca-mediation-temip-mvp-mapper-keys\4.2.0\uca-mediation-temip-mvp-mapper-keys-4.2.0.jar;C:\Users\reddydc\.m2\repository\com\hp\uca\common\uca-mediation-exec-mvp-mapper-keys\4.2.0\uca-mediation-exec-mvp-mapper-keys-4.2.0.jar;C:\Users\reddydc\.m2\repository\com\hpe\uca\models\uca-model-common\4.2.0\uca-model-common-4.2.0.jar;C:\Users\reddydc\.m2\repository\com\hp\uca\expert\vp\im\uca-evp-ed-fwk\4.2.0\uca-evp-ed-fwk-4.2.0.jar;C:\Users\reddydc\.m2\repository\com\hp\uca\expert\vp\im\uca-evp-pd-fwk\4.2.0\uca-evp-pd-fwk-4.2.0.jar;C:\Users\reddydc\.m2\repository\com\hp\uca\expert\vp\im\uca-evp-tsp-fwk\4.2.0\uca-evp-tsp-fwk-4.2.0.jar;C:\Users\reddydc\.m2\repository\com\hp\uca\expert\vp\im\uca-evp-auto-fwk\4.2.0\uca-evp-auto-fwk-4.2.0.jar;C:\Users\reddydc\.m2\repository\com\hp\uca\expert\vp\im\uca-evp-tt-fwk\4.2.0\uca-evp-tt-fwk-4.2.0.jar;C:\Users\reddydc\.m2\repository\junit\junit\4.12\junit-4.12.jar;C:\Users\reddydc\.m2\repository\org\hamcrest\hamcrest-core\1.3\hamcrest-core-1.3.jar;C:\Users\reddydc\.m2\repository\org\springframework\spring-test\5.0.8.RELEASE\spring-test-5.0.8.RELEASE.jar;C:\Users\reddydc\.m2\repository\com\hp\uca\expert\uca-expert-engine\4.2.0\uca-expert-engine-4.2.0-tests.jar;C:\Users\reddydc\.m2\repository\com\hp\uca\expert\vp\im\uca-evp-im-common\4.2.0\uca-evp-im-common-4.2.0-tests.jar;C:\Users\reddydc\.m2\repository\com\hp\uca\expert\vp\im\uca-evp-pd-fwk\4.2.0\uca-evp-pd-fwk-4.2.0-tests.jar;C:\Users\reddydc\.m2\repository\com\hp\uca\expert\vp\im\uca-evp-tsp-fwk\4.2.0\uca-evp-tsp-fwk-4.2.0-tests.jar;C:\Users\reddydc\.m2\repository\org\neo4j\community\it-test-support\3.5.5\it-test-support-3.5.5.jar;C:\Users\reddydc\.m2\repository\org\neo4j\neo4j-io\3.5.5\neo4j-io-3.5.5-tests.jar;C:\Users\reddydc\.m2\repository\org\neo4j\neo4j-unsafe\3.5.5\neo4j-unsafe-3.5.5.jar;C:\Users\reddydc\.m2\repository\org\neo4j\neo4j-common\3.5.5\neo4j-common-3.5.5.jar;C:\Users\reddydc\.m2\repository\org\neo4j\neo4j-graphdb-api\3.5.5\neo4j-graphdb-api-3.5.5.jar;C:\Users\reddydc\.m2\repository\org\neo4j\neo4j-resource\3.5.5\neo4j-resource-3.5.5.jar;C:\Users\reddydc\.m2\repository\org\neo4j\neo4j-collections\3.5.5\neo4j-collections-3.5.5.jar;C:\Users\reddydc\.m2\repository\org\neo4j\neo4j-concurrent\3.5.5\neo4j-concurrent-3.5.5.jar;C:\Users\reddydc\.m2\repository\org\eclipse\collections\eclipse-collections\9.2.0\eclipse-collections-9.2.0.jar;C:\Users\reddydc\.m2\repository\org\eclipse\collections\eclipse-collections-api\9.2.0\eclipse-collections-api-9.2.0.jar;C:\Users\reddydc\.m2\repository\org\neo4j\neo4j-common\3.5.5\neo4j-common-3.5.5-tests.jar;C:\Users\reddydc\.m2\repository\org\neo4j\neo4j\3.5.5\neo4j-3.5.5.jar;C:\Users\reddydc\.m2\repository\org\neo4j\neo4j-kernel\3.5.5\neo4j-kernel-3.5.5.jar;C:\Users\reddydc\.m2\repository\org\neo4j\neo4j-annotation-processors\3.5.5\neo4j-annotation-processors-3.5.5.jar;C:\Users\reddydc\.m2\repository\org\neo4j\neo4j-procedure-api\3.5.5\neo4j-procedure-api-3.5.5.jar;C:\Users\reddydc\.m2\repository\org\neo4j\neo4j-kernel-api\3.5.5\neo4j-kernel-api-3.5.5.jar;C:\Users\reddydc\.m2\repository\org\neo4j\neo4j-diagnostics\3.5.5\neo4j-diagnostics-3.5.5.jar;C:\Users\reddydc\.m2\repository\org\neo4j\neo4j-values\3.5.5\neo4j-values-3.5.5.jar;C:\Users\reddydc\.m2\repository\org\neo4j\neo4j-io\3.5.5\neo4j-io-3.5.5.jar;C:\Users\reddydc\.m2\repository\org\neo4j\neo4j-csv\3.5.5\neo4j-csv-3.5.5.jar;C:\Users\reddydc\.m2\repository\org\neo4j\neo4j-lucene-upgrade\3.5.5\neo4j-lucene-upgrade-3.5.5.jar;C:\Users\reddydc\.m2\repository\org\apache\lucene\lucene-core\5.5.5\lucene-core-5.5.5.jar;C:\Users\reddydc\.m2\repository\org\neo4j\neo4j-configuration\3.5.5\neo4j-configuration-3.5.5.jar;C:\Users\reddydc\.m2\repository\org\neo4j\neo4j-index\3.5.5\neo4j-index-3.5.5.jar;C:\Users\reddydc\.m2\repository\org\neo4j\neo4j-spatial-index\3.5.5\neo4j-spatial-index-3.5.5.jar;C:\Users\reddydc\.m2\repository\org\neo4j\neo4j-ssl\3.5.5\neo4j-ssl-3.5.5.jar;C:\Users\reddydc\.m2\repository\org\neo4j\neo4j-lucene-index\3.5.5\neo4j-lucene-index-3.5.5.jar;C:\Users\reddydc\.m2\repository\org\apache\lucene\lucene-analyzers-common\5.5.5\lucene-analyzers-common-5.5.5.jar;C:\Users\reddydc\.m2\repository\org\apache\lucene\lucene-queryparser\5.5.5\lucene-queryparser-5.5.5.jar;C:\Users\reddydc\.m2\repository\org\apache\lucene\lucene-codecs\5.5.5\lucene-codecs-5.5.5.jar;C:\Users\reddydc\.m2\repository\org\neo4j\neo4j-fulltext-index\3.5.5\neo4j-fulltext-index-3.5.5.jar;C:\Users\reddydc\.m2\repository\org\neo4j\neo4j-graph-algo\3.5.5\neo4j-graph-algo-3.5.5.jar;C:\Users\reddydc\.m2\repository\org\neo4j\neo4j-udc\3.5.5\neo4j-udc-3.5.5.jar;C:\Users\reddydc\.m2\repository\org\neo4j\neo4j-data-collector\3.5.5\neo4j-data-collector-3.5.5.jar;C:\Users\reddydc\.m2\repository\org\neo4j\neo4j-parser-3.5\3.5.5\neo4j-parser-3.5-3.5.5.jar;C:\Users\reddydc\.m2\repository\org\neo4j\neo4j-ast-3.5\3.5.5\neo4j-ast-3.5-3.5.5.jar;C:\Users\reddydc\.m2\repository\org\neo4j\neo4j-expressions-3.5\3.5.5\neo4j-expressions-3.5-3.5.5.jar;C:\Users\reddydc\.m2\repository\org\neo4j\neo4j-rewriting-3.5\3.5.5\neo4j-rewriting-3.5-3.5.5.jar;C:\Users\reddydc\.m2\repository\org\neo4j\neo4j-cypher\3.5.5\neo4j-cypher-3.5.5.jar;C:\Users\reddydc\.m2\repository\org\neo4j\neo4j-graph-matching\3.1.9\neo4j-graph-matching-3.1.9.jar;C:\Users\reddydc\.m2\repository\org\neo4j\neo4j-codegen\3.5.5\neo4j-codegen-3.5.5.jar;C:\Users\reddydc\.m2\repository\org\ow2\asm\asm\6.2\asm-6.2.jar;C:\Users\reddydc\.m2\repository\org\ow2\asm\asm-util\6.2\asm-util-6.2.jar;C:\Users\reddydc\.m2\repository\org\ow2\asm\asm-analysis\6.2\asm-analysis-6.2.jar;C:\Users\reddydc\.m2\repository\org\ow2\asm\asm-tree\6.2\asm-tree-6.2.jar;C:\Users\reddydc\.m2\repository\org\neo4j\neo4j-cypher-compiler-2.3\2.3.12\neo4j-cypher-compiler-2.3-2.3.12.jar;C:\Users\reddydc\.m2\repository\org\neo4j\neo4j-cypher-frontend-2.3\2.3.12\neo4j-cypher-frontend-2.3-2.3.12.jar;C:\Users\reddydc\.m2\repository\com\googlecode\concurrentlinkedhashmap\concurrentlinkedhashmap-lru\1.4.2\concurrentlinkedhashmap-lru-1.4.2.jar;C:\Users\reddydc\.m2\repository\org\neo4j\neo4j-cypher-compiler-3.1\3.1.9\neo4j-cypher-compiler-3.1-3.1.9.jar;C:\Users\reddydc\.m2\repository\org\neo4j\neo4j-cypher-frontend-3.1\3.1.9\neo4j-cypher-frontend-3.1-3.1.9.jar;C:\Users\reddydc\.m2\repository\org\neo4j\neo4j-cypher-planner-3.4\3.4.12\neo4j-cypher-planner-3.4-3.4.12.jar;C:\Users\reddydc\.m2\repository\org\neo4j\openCypher-frontend-1\3.4.12\openCypher-frontend-1-3.4.12.jar;C:\Users\reddydc\.m2\repository\org\neo4j\neo4j-cypher-util-3.4\3.4.12\neo4j-cypher-util-3.4-3.4.12.jar;C:\Users\reddydc\.m2\repository\org\neo4j\neo4j-cypher-expression-3.4\3.4.12\neo4j-cypher-expression-3.4-3.4.12.jar;C:\Users\reddydc\.m2\repository\org\neo4j\neo4j-cypher-ir-3.4\3.4.12\neo4j-cypher-ir-3.4-3.4.12.jar;C:\Users\reddydc\.m2\repository\org\neo4j\neo4j-cypher-logical-plans-3.4\3.4.12\neo4j-cypher-logical-plans-3.4-3.4.12.jar;C:\Users\reddydc\.m2\repository\org\neo4j\neo4j-cypher-planner-spi-3.4\3.4.12\neo4j-cypher-planner-spi-3.4-3.4.12.jar;C:\Users\reddydc\.m2\repository\org\neo4j\neo4j-legacy\3.5.5\neo4j-legacy-3.5.5.jar;C:\Users\reddydc\.m2\repository\org\neo4j\neo4j-util-3.5\3.5.5\neo4j-util-3.5-3.5.5.jar;C:\Users\reddydc\.m2\repository\org\neo4j\neo4j-cypher-planner-3.5\3.5.5\neo4j-cypher-planner-3.5-3.5.5.jar;C:\Users\reddydc\.m2\repository\org\neo4j\neo4j-cypher-ir-3.5\3.5.5\neo4j-cypher-ir-3.5-3.5.5.jar;C:\Users\reddydc\.m2\repository\org\neo4j\neo4j-front-end-3.5\3.5.5\neo4j-front-end-3.5-3.5.5.jar;C:\Users\reddydc\.m2\repository\org\neo4j\neo4j-cypher-logical-plans-3.5\3.5.5\neo4j-cypher-logical-plans-3.5-3.5.5.jar;C:\Users\reddydc\.m2\repository\org\neo4j\neo4j-cypher-planner-spi-3.5\3.5.5\neo4j-cypher-planner-spi-3.5-3.5.5.jar;C:\Users\reddydc\.m2\repository\org\neo4j\neo4j-cypher-runtime-util\3.5.5\neo4j-cypher-runtime-util-3.5.5.jar;C:\Users\reddydc\.m2\repository\org\neo4j\neo4j-cypher-interpreted-runtime\3.5.5\neo4j-cypher-interpreted-runtime-3.5.5.jar;C:\Users\reddydc\.m2\repository\org\parboiled\parboiled-scala_2.11\1.1.7\parboiled-scala_2.11-1.1.7.jar;C:\Users\reddydc\.m2\repository\org\parboiled\parboiled-core\1.1.7\parboiled-core-1.1.7.jar;C:\Users\reddydc\.m2\repository\net\sf\opencsv\opencsv\2.3\opencsv-2.3.jar;C:\Users\reddydc\.m2\repository\org\neo4j\neo4j-jmx\3.5.5\neo4j-jmx-3.5.5.jar;C:\Users\reddydc\.m2\repository\org\neo4j\neo4j-bolt\3.5.5\neo4j-bolt-3.5.5.jar;C:\Users\reddydc\.m2\repository\io\netty\netty-all\4.1.32.Final\netty-all-4.1.32.Final.jar;C:\Users\reddydc\.m2\repository\org\bouncycastle\bcpkix-jdk15on\1.60\bcpkix-jdk15on-1.60.jar;C:\Users\reddydc\.m2\repository\org\neo4j\neo4j-consistency-check\3.5.5\neo4j-consistency-check-3.5.5.jar;C:\Users\reddydc\.m2\repository\org\neo4j\neo4j-command-line\3.5.5\neo4j-command-line-3.5.5.jar;C:\Users\reddydc\.m2\repository\org\neo4j\neo4j-dbms\3.5.5\neo4j-dbms-3.5.5.jar;C:\Users\reddydc\.m2\repository\org\neo4j\neo4j-import-tool\3.5.5\neo4j-import-tool-3.5.5.jar;C:\Users\reddydc\.m2\repository\org\jprocesses\jProcesses\1.6.4\jProcesses-1.6.4.jar;C:\Users\reddydc\.m2\repository\com\profesorfalken\WMI4Java\1.6.1\WMI4Java-1.6.1.jar;C:\Users\reddydc\.m2\repository\com\profesorfalken\jPowerShell\1.9\jPowerShell-1.9.jar;C:\Users\reddydc\.m2\repository\org\neo4j\licensing-proxy\zstd-proxy\3.5.5\zstd-proxy-3.5.5.jar;C:\Users\reddydc\.m2\repository\com\github\luben\zstd-jni\1.3.8-6\zstd-jni-1.3.8-6.jar;C:\Program Files\Java\jdk1.8.0_221\jre\..\lib\tools.jar;C:\Users\reddydc\.m2\repository\com\hpe\uca\models\uca-model-common\4.2.0\uca-model-common-4.2.0-tests.jar;C:\Users\reddydc\.m2\repository\com\hpe\uca\models\uca-model-loader\4.2.0\uca-model-loader-4.2.0.jar;C:\Users\reddydc\.m2\repository\com\hpe\uca\graphdb\neo4j-loader\4.2.0\neo4j-loader-4.2.0.jar;C:\Users\reddydc\.m2\repository\com\hp\uca\common\graph-database-entity-model\4.2.0\graph-database-entity-model-4.2.0.jar;"/>
    <property name="java.vm.vendor" value="Oracle Corporation"/>
    <property name="sun.arch.data.model" value="64"/>
    <property name="user.variant" value=""/>
    <property name="java.vendor.url" value="http://java.oracle.com/"/>
    <property name="user.timezone" value=""/>
    <property name="java.vm.specification.version" value="1.8"/>
    <property name="os.name" value="Windows 10"/>
    <property name="user.country" value="US"/>
    <property name="sun.java.launcher" value="SUN_STANDARD"/>
    <property name="sun.boot.library.path" value="C:\Program Files\Java\jdk1.8.0_221\jre\bin"/>
    <property name="sun.java.command" value="C:\Users\reddydc\AppData\Local\Temp\surefire3343001342177590013\surefirebooter8807916136962879924.jar C:\Users\reddydc\AppData\Local\Temp\surefire3343001342177590013 2019-09-19T12-50-23_767-jvmRun1 surefire1794332275453864430tmp surefire_04327245783507695316tmp"/>
    <property name="surefire.test.class.path" value="C:\VIL_IDEA\UCA_4_2_Workspace\IP_CEN_01\target\test-classes;C:\VIL_IDEA\UCA_4_2_Workspace\IP_CEN_01\target\classes;C:\Users\reddydc\Desktop\Trash\29-08-2019\IP\custom_lib\uttl-customtt-1.4.jar;C:\Users\reddydc\.m2\repository\com\hp\uca\common\uca-common\4.2.0\uca-common-4.2.0.jar;C:\Users\reddydc\.m2\repository\log4j\log4j\1.2.17\log4j-1.2.17.jar;C:\Users\reddydc\.m2\repository\org\slf4j\jcl-over-slf4j\1.7.25\jcl-over-slf4j-1.7.25.jar;C:\Users\reddydc\.m2\repository\org\slf4j\slf4j-api\1.7.25\slf4j-api-1.7.25.jar;C:\Users\reddydc\.m2\repository\org\slf4j\slf4j-log4j12\1.7.25\slf4j-log4j12-1.7.25.jar;C:\Users\reddydc\.m2\repository\commons-io\commons-io\2.6\commons-io-2.6.jar;C:\Users\reddydc\.m2\repository\commons-lang\commons-lang\2.6\commons-lang-2.6.jar;C:\Users\reddydc\.m2\repository\org\apache\commons\commons-lang3\3.8\commons-lang3-3.8.jar;C:\Users\reddydc\.m2\repository\org\apache\commons\commons-text\1.6\commons-text-1.6.jar;C:\Users\reddydc\.m2\repository\org\apache\commons\commons-collections4\4.1\commons-collections4-4.1.jar;C:\Users\reddydc\.m2\repository\com\fasterxml\jackson\core\jackson-annotations\2.9.8\jackson-annotations-2.9.8.jar;C:\Users\reddydc\.m2\repository\com\hp\umb\umb-adapter-fmk\4.2.0\umb-adapter-fmk-4.2.0.jar;C:\Users\reddydc\.m2\repository\commons-configuration\commons-configuration\1.10\commons-configuration-1.10.jar;C:\Users\reddydc\.m2\repository\org\apache\commons\commons-configuration2\2.4\commons-configuration2-2.4.jar;C:\Users\reddydc\.m2\repository\commons-beanutils\commons-beanutils\1.9.3\commons-beanutils-1.9.3.jar;C:\Users\reddydc\.m2\repository\commons-collections\commons-collections\3.2.2\commons-collections-3.2.2.jar;C:\Users\reddydc\.m2\repository\com\hazelcast\hazelcast\3.7.8\hazelcast-3.7.8.jar;C:\Users\reddydc\.m2\repository\com\hazelcast\hazelcast-client\3.7.8\hazelcast-client-3.7.8.jar;C:\Users\reddydc\.m2\repository\org\apache\kafka\kafka_2.11\2.0.0\kafka_2.11-2.0.0.jar;C:\Users\reddydc\.m2\repository\net\sf\jopt-simple\jopt-simple\5.0.4\jopt-simple-5.0.4.jar;C:\Users\reddydc\.m2\repository\com\yammer\metrics\metrics-core\2.2.0\metrics-core-2.2.0.jar;C:\Users\reddydc\.m2\repository\org\scala-lang\scala-reflect\2.11.12\scala-reflect-2.11.12.jar;C:\Users\reddydc\.m2\repository\com\typesafe\scala-logging\scala-logging_2.11\3.9.0\scala-logging_2.11-3.9.0.jar;C:\Users\reddydc\.m2\repository\org\apache\kafka\kafka-clients\2.0.0\kafka-clients-2.0.0.jar;C:\Users\reddydc\.m2\repository\org\lz4\lz4-java\1.4.1\lz4-java-1.4.1.jar;C:\Users\reddydc\.m2\repository\org\xerial\snappy\snappy-java\1.1.7.1\snappy-java-1.1.7.1.jar;C:\Users\reddydc\.m2\repository\org\apache\zookeeper\zookeeper\3.4.13\zookeeper-3.4.13.jar;C:\Users\reddydc\.m2\repository\jline\jline\0.9.94\jline-0.9.94.jar;C:\Users\reddydc\.m2\repository\org\apache\yetus\audience-annotations\0.5.0\audience-annotations-0.5.0.jar;C:\Users\reddydc\.m2\repository\io\netty\netty\3.10.6.Final\netty-3.10.6.Final.jar;C:\Users\reddydc\.m2\repository\com\101tec\zkclient\0.10\zkclient-0.10.jar;C:\Users\reddydc\.m2\repository\org\scala-lang\scala-library\2.11.12\scala-library-2.11.12.jar;C:\Users\reddydc\.m2\repository\org\apache\commons\commons-compress\1.18\commons-compress-1.18.jar;C:\Users\reddydc\.m2\repository\org\apache\avro\avro\1.8.2\avro-1.8.2.jar;C:\Users\reddydc\.m2\repository\org\codehaus\jackson\jackson-core-asl\1.9.13\jackson-core-asl-1.9.13.jar;C:\Users\reddydc\.m2\repository\org\codehaus\jackson\jackson-mapper-asl\1.9.13\jackson-mapper-asl-1.9.13.jar;C:\Users\reddydc\.m2\repository\com\thoughtworks\paranamer\paranamer\2.7\paranamer-2.7.jar;C:\Users\reddydc\.m2\repository\org\tukaani\xz\1.5\xz-1.5.jar;C:\Users\reddydc\.m2\repository\com\hp\uca\expert\uca-expert-engine\4.2.0\uca-expert-engine-4.2.0.jar;C:\Users\reddydc\.m2\repository\com\hpe\ngoss\utm\framework\UI\modelloader\dev\ModelLoaderCommon\4.2.0\ModelLoaderCommon-4.2.0.jar;C:\Users\reddydc\.m2\repository\com\hp\uca\expert\uca-ebc-engine-api\4.2.0\uca-ebc-engine-api-4.2.0.jar;C:\Users\reddydc\.m2\repository\javax\jms\javax.jms-api\2.0\javax.jms-api-2.0.jar;C:\Users\reddydc\.m2\repository\com\hpe\uca\eml\uca-eml-eval\4.2.0\uca-eml-eval-4.2.0.jar;C:\Users\reddydc\.m2\repository\org\antlr\antlr4-runtime\4.7\antlr4-runtime-4.7.jar;C:\Users\reddydc\.m2\repository\org\jetbrains\kotlin\kotlin-stdlib-jdk8\1.2.71\kotlin-stdlib-jdk8-1.2.71.jar;C:\Users\reddydc\.m2\repository\org\jetbrains\kotlin\kotlin-stdlib\1.2.71\kotlin-stdlib-1.2.71.jar;C:\Users\reddydc\.m2\repository\org\jetbrains\kotlin\kotlin-stdlib-common\1.2.71\kotlin-stdlib-common-1.2.71.jar;C:\Users\reddydc\.m2\repository\org\jetbrains\annotations\13.0\annotations-13.0.jar;C:\Users\reddydc\.m2\repository\org\jetbrains\kotlin\kotlin-stdlib-jdk7\1.2.71\kotlin-stdlib-jdk7-1.2.71.jar;C:\Users\reddydc\.m2\repository\com\hp\uca\expert\uca-ebc-topology\4.2.0\uca-ebc-topology-4.2.0.jar;C:\Users\reddydc\.m2\repository\com\hpe\uca\graphdb\cypher-client\4.2.0\cypher-client-4.2.0.jar;C:\Users\reddydc\.m2\repository\com\neo4j\app\neo4j-server-enterprise\3.5.5\neo4j-server-enterprise-3.5.5.jar;C:\Users\reddydc\.m2\repository\org\neo4j\app\neo4j-server\3.5.5\neo4j-server-3.5.5.jar;C:\Users\reddydc\.m2\repository\org\neo4j\neo4j-security\3.5.5\neo4j-security-3.5.5.jar;C:\Users\reddydc\.m2\repository\org\neo4j\server-api\3.5.5\server-api-3.5.5.jar;C:\Users\reddydc\.m2\repository\org\neo4j\3rdparty\javax\ws\rs\jsr311-api\1.1.2.r612\jsr311-api-1.1.2.r612.jar;C:\Users\reddydc\.m2\repository\org\neo4j\client\neo4j-browser\3.2.18\neo4j-browser-3.2.18.jar;C:\Users\reddydc\.m2\repository\com\sun\jersey\jersey-server\1.19\jersey-server-1.19.jar;C:\Users\reddydc\.m2\repository\com\sun\jersey\jersey-core\1.19\jersey-core-1.19.jar;C:\Users\reddydc\.m2\repository\com\sun\jersey\jersey-servlet\1.19\jersey-servlet-1.19.jar;C:\Users\reddydc\.m2\repository\org\codehaus\jackson\jackson-jaxrs\1.9.13\jackson-jaxrs-1.9.13.jar;C:\Users\reddydc\.m2\repository\org\bouncycastle\bcprov-jdk15on\1.60\bcprov-jdk15on-1.60.jar;C:\Users\reddydc\.m2\repository\javax\activation\activation\1.1.1\activation-1.1.1.jar;C:\Users\reddydc\.m2\repository\com\neo4j\neo4j-enterprise-cypher\3.5.5\neo4j-enterprise-cypher-3.5.5.jar;C:\Users\reddydc\.m2\repository\com\neo4j\neo4j-enterprise-kernel\3.5.5\neo4j-enterprise-kernel-3.5.5.jar;C:\Users\reddydc\.m2\repository\com\neo4j\neo4j-cypher-slotted-runtime\3.5.5\neo4j-cypher-slotted-runtime-3.5.5.jar;C:\Users\reddydc\.m2\repository\com\neo4j\neo4j-cypher-compiled-expressions\3.5.5\neo4j-cypher-compiled-expressions-3.5.5.jar;C:\Users\reddydc\.m2\repository\com\neo4j\neo4j-cypher-morsel-runtime\3.5.5\neo4j-cypher-morsel-runtime-3.5.5.jar;C:\Users\reddydc\.m2\repository\com\neo4j\neo4j-cypher-physical-planning\3.5.5\neo4j-cypher-physical-planning-3.5.5.jar;C:\Users\reddydc\.m2\repository\org\bitbucket\inkytonik\kiama\kiama_2.11\2.1.0\kiama_2.11-2.1.0.jar;C:\Users\reddydc\.m2\repository\org\rogach\scallop_2.11\2.1.1\scallop_2.11-2.1.1.jar;C:\Users\reddydc\.m2\repository\com\neo4j\neo4j-enterprise\3.5.5\neo4j-enterprise-3.5.5.jar;C:\Users\reddydc\.m2\repository\com\neo4j\neo4j-query-logging\3.5.5\neo4j-query-logging-3.5.5.jar;C:\Users\reddydc\.m2\repository\com\neo4j\neo4j-com\3.5.5\neo4j-com-3.5.5.jar;C:\Users\reddydc\.m2\repository\com\neo4j\neo4j-backup\3.5.5\neo4j-backup-3.5.5.jar;C:\Users\reddydc\.m2\repository\com\neo4j\neo4j-cluster\3.5.5\neo4j-cluster-3.5.5.jar;C:\Users\reddydc\.m2\repository\com\neo4j\neo4j-ha\3.5.5\neo4j-ha-3.5.5.jar;C:\Users\reddydc\.m2\repository\com\neo4j\neo4j-causal-clustering\3.5.5\neo4j-causal-clustering-3.5.5.jar;C:\Users\reddydc\.m2\repository\net\jpountz\lz4\lz4\1.3.0\lz4-1.3.0.jar;C:\Users\reddydc\.m2\repository\org\eclipse\jetty\jetty-client\9.4.11.v20180605\jetty-client-9.4.11.v20180605.jar;C:\Users\reddydc\.m2\repository\com\neo4j\neo4j-metrics\3.5.5\neo4j-metrics-3.5.5.jar;C:\Users\reddydc\.m2\repository\io\dropwizard\metrics\metrics-core\4.0.2\metrics-core-4.0.2.jar;C:\Users\reddydc\.m2\repository\io\dropwizard\metrics\metrics-graphite\4.0.2\metrics-graphite-4.0.2.jar;C:\Users\reddydc\.m2\repository\io\prometheus\simpleclient\0.5.0\simpleclient-0.5.0.jar;C:\Users\reddydc\.m2\repository\io\prometheus\simpleclient_httpserver\0.5.0\simpleclient_httpserver-0.5.0.jar;C:\Users\reddydc\.m2\repository\io\prometheus\simpleclient_common\0.5.0\simpleclient_common-0.5.0.jar;C:\Users\reddydc\.m2\repository\io\prometheus\simpleclient_dropwizard\0.5.0\simpleclient_dropwizard-0.5.0.jar;C:\Users\reddydc\.m2\repository\com\neo4j\neo4j-management\3.5.5\neo4j-management-3.5.5.jar;C:\Users\reddydc\.m2\repository\com\neo4j\neo4j-security-enterprise\3.5.5\neo4j-security-enterprise-3.5.5.jar;C:\Users\reddydc\.m2\repository\com\neo4j\neo4j-auth-plugin-api\3.5.5\neo4j-auth-plugin-api-3.5.5.jar;C:\Users\reddydc\.m2\repository\org\apache\shiro\shiro-core\1.4.0\shiro-core-1.4.0.jar;C:\Users\reddydc\.m2\repository\org\apache\shiro\shiro-lang\1.4.0\shiro-lang-1.4.0.jar;C:\Users\reddydc\.m2\repository\org\apache\shiro\shiro-cache\1.4.0\shiro-cache-1.4.0.jar;C:\Users\reddydc\.m2\repository\org\apache\shiro\shiro-crypto-hash\1.4.0\shiro-crypto-hash-1.4.0.jar;C:\Users\reddydc\.m2\repository\org\apache\shiro\shiro-crypto-core\1.4.0\shiro-crypto-core-1.4.0.jar;C:\Users\reddydc\.m2\repository\org\apache\shiro\shiro-crypto-cipher\1.4.0\shiro-crypto-cipher-1.4.0.jar;C:\Users\reddydc\.m2\repository\org\apache\shiro\shiro-config-core\1.4.0\shiro-config-core-1.4.0.jar;C:\Users\reddydc\.m2\repository\org\apache\shiro\shiro-config-ogdl\1.4.0\shiro-config-ogdl-1.4.0.jar;C:\Users\reddydc\.m2\repository\org\apache\shiro\shiro-event\1.4.0\shiro-event-1.4.0.jar;C:\Users\reddydc\.m2\repository\com\github\ben-manes\caffeine\caffeine\2.6.2\caffeine-2.6.2.jar;C:\Users\reddydc\.m2\repository\org\neo4j\neo4j-slf4j\3.5.5\neo4j-slf4j-3.5.5.jar;C:\Users\reddydc\.m2\repository\org\neo4j\neo4j-logging\3.5.5\neo4j-logging-3.5.5.jar;C:\Users\reddydc\.m2\repository\com\hpe\uca\graphdb\uca-neo4j-plugin\4.2.0\uca-neo4j-plugin-4.2.0.jar;C:\Users\reddydc\.m2\repository\com\typesafe\config\0.5.2\config-0.5.2.jar;C:\Users\reddydc\.m2\repository\com\hp\uca\expert\uca-mediation-action-client\4.2.0\uca-mediation-action-client-4.2.0.jar;C:\Users\reddydc\.m2\repository\com\hpe\uca\models\uca-model-query\4.2.0\uca-model-query-4.2.0.jar;C:\Users\reddydc\.m2\repository\com\hpe\autopassj\autopassj-common\9.6.3\autopassj-common-9.6.3.jar;C:\Users\reddydc\.m2\repository\com\hpe\autopassj\autopassj-core\9.6.3\autopassj-core-9.6.3.jar;C:\Users\reddydc\.m2\repository\com\hpe\autopassj\autopassj-crypto\9.6.3\autopassj-crypto-9.6.3.jar;C:\Users\reddydc\.m2\repository\com\hpe\autopassj\autopassj-usage\9.6.3\autopassj-usage-9.6.3.jar;C:\Users\reddydc\.m2\repository\com\hpe\autopassj\autopassj-connector\9.6.3\autopassj-connector-9.6.3.jar;C:\Users\reddydc\.m2\repository\hsqldb\hsqldb\1.8.0.10\hsqldb-1.8.0.10.jar;C:\Users\reddydc\.m2\repository\classworlds\classworlds\1.1\classworlds-1.1.jar;C:\Users\reddydc\.m2\repository\commons-dbcp\commons-dbcp\1.4\commons-dbcp-1.4.jar;C:\Users\reddydc\.m2\repository\commons-pool\commons-pool\1.5.4\commons-pool-1.5.4.jar;C:\Users\reddydc\.m2\repository\commons-logging\commons-logging\1.2\commons-logging-1.2.jar;C:\Users\reddydc\.m2\repository\commons-validator\commons-validator\1.6\commons-validator-1.6.jar;C:\Users\reddydc\.m2\repository\commons-digester\commons-digester\2.1\commons-digester-2.1.jar;C:\Users\reddydc\.m2\repository\com\sun\xsom\xsom\20140925\xsom-20140925.jar;C:\Users\reddydc\.m2\repository\relaxngDatatype\relaxngDatatype\20020414\relaxngDatatype-20020414.jar;C:\Users\reddydc\.m2\repository\org\drools\drools-core\7.7.0.Final\drools-core-7.7.0.Final.jar;C:\Users\reddydc\.m2\repository\org\mvel\mvel2\2.4.0.Final\mvel2-2.4.0.Final.jar;C:\Users\reddydc\.m2\repository\org\kie\soup\kie-soup-commons\7.7.0.Final\kie-soup-commons-7.7.0.Final.jar;C:\Users\reddydc\.m2\repository\org\kie\soup\kie-soup-project-datamodel-commons\7.7.0.Final\kie-soup-project-datamodel-commons-7.7.0.Final.jar;C:\Users\reddydc\.m2\repository\org\kie\soup\kie-soup-project-datamodel-api\7.7.0.Final\kie-soup-project-datamodel-api-7.7.0.Final.jar;C:\Users\reddydc\.m2\repository\commons-codec\commons-codec\1.10\commons-codec-1.10.jar;C:\Users\reddydc\.m2\repository\org\drools\drools-compiler\7.7.0.Final\drools-compiler-7.7.0.Final.jar;C:\Users\reddydc\.m2\repository\org\kie\soup\kie-soup-maven-support\7.7.0.Final\kie-soup-maven-support-7.7.0.Final.jar;C:\Users\reddydc\.m2\repository\org\antlr\antlr-runtime\3.5.2\antlr-runtime-3.5.2.jar;C:\Users\reddydc\.m2\repository\org\eclipse\jdt\core\compiler\ecj\4.4.2\ecj-4.4.2.jar;C:\Users\reddydc\.m2\repository\com\thoughtworks\xstream\xstream\1.4.10\xstream-1.4.10.jar;C:\Users\reddydc\.m2\repository\xmlpull\xmlpull\1.1.3.1\xmlpull-1.1.3.1.jar;C:\Users\reddydc\.m2\repository\xpp3\xpp3_min\1.1.4c\xpp3_min-1.1.4c.jar;C:\Users\reddydc\.m2\repository\com\google\protobuf\protobuf-java\2.6.0\protobuf-java-2.6.0.jar;C:\Users\reddydc\.m2\repository\org\drools\drools-templates\7.7.0.Final\drools-templates-7.7.0.Final.jar;C:\Users\reddydc\.m2\repository\org\drools\drools-decisiontables\7.7.0.Final\drools-decisiontables-7.7.0.Final.jar;C:\Users\reddydc\.m2\repository\org\apache\poi\poi-ooxml\3.16\poi-ooxml-3.16.jar;C:\Users\reddydc\.m2\repository\org\apache\poi\poi-ooxml-schemas\3.16\poi-ooxml-schemas-3.16.jar;C:\Users\reddydc\.m2\repository\org\apache\xmlbeans\xmlbeans\2.6.0\xmlbeans-2.6.0.jar;C:\Users\reddydc\.m2\repository\com\github\virtuald\curvesapi\1.04\curvesapi-1.04.jar;C:\Users\reddydc\.m2\repository\javax\xml\stream\stax-api\1.0-2\stax-api-1.0-2.jar;C:\Users\reddydc\.m2\repository\org\apache\poi\poi\3.16\poi-3.16.jar;C:\Users\reddydc\.m2\repository\org\kie\kie-api\7.7.0.Final\kie-api-7.7.0.Final.jar;C:\Users\reddydc\.m2\repository\org\kie\kie-internal\7.7.0.Final\kie-internal-7.7.0.Final.jar;C:\Users\reddydc\.m2\repository\org\springframework\spring-beans\5.0.8.RELEASE\spring-beans-5.0.8.RELEASE.jar;C:\Users\reddydc\.m2\repository\org\springframework\spring-aop\5.0.8.RELEASE\spring-aop-5.0.8.RELEASE.jar;C:\Users\reddydc\.m2\repository\org\springframework\spring-core\5.0.8.RELEASE\spring-core-5.0.8.RELEASE.jar;C:\Users\reddydc\.m2\repository\org\springframework\spring-jcl\5.0.8.RELEASE\spring-jcl-5.0.8.RELEASE.jar;C:\Users\reddydc\.m2\repository\org\springframework\spring-context\5.0.8.RELEASE\spring-context-5.0.8.RELEASE.jar;C:\Users\reddydc\.m2\repository\org\springframework\spring-expression\5.0.8.RELEASE\spring-expression-5.0.8.RELEASE.jar;C:\Users\reddydc\.m2\repository\org\springframework\spring-jms\5.0.8.RELEASE\spring-jms-5.0.8.RELEASE.jar;C:\Users\reddydc\.m2\repository\org\springframework\spring-messaging\5.0.8.RELEASE\spring-messaging-5.0.8.RELEASE.jar;C:\Users\reddydc\.m2\repository\org\springframework\spring-tx\5.0.8.RELEASE\spring-tx-5.0.8.RELEASE.jar;C:\Users\reddydc\.m2\repository\org\springframework\spring-jdbc\5.0.8.RELEASE\spring-jdbc-5.0.8.RELEASE.jar;C:\Users\reddydc\.m2\repository\org\springframework\spring-orm\5.0.8.RELEASE\spring-orm-5.0.8.RELEASE.jar;C:\Users\reddydc\.m2\repository\org\springframework\spring-context-support\5.0.8.RELEASE\spring-context-support-5.0.8.RELEASE.jar;C:\Users\reddydc\.m2\repository\org\apache\activemq\activemq-broker\5.15.8\activemq-broker-5.15.8.jar;C:\Users\reddydc\.m2\repository\com\google\guava\guava\18.0\guava-18.0.jar;C:\Users\reddydc\.m2\repository\org\apache\activemq\activemq-client\5.15.8\activemq-client-5.15.8.jar;C:\Users\reddydc\.m2\repository\org\fusesource\hawtbuf\hawtbuf\1.11\hawtbuf-1.11.jar;C:\Users\reddydc\.m2\repository\org\apache\geronimo\specs\geronimo-j2ee-management_1.1_spec\1.0.1\geronimo-j2ee-management_1.1_spec-1.0.1.jar;C:\Users\reddydc\.m2\repository\org\apache\activemq\activemq-spring\5.15.8\activemq-spring-5.15.8.jar;C:\Users\reddydc\.m2\repository\org\apache\activemq\activemq-pool\5.15.8\activemq-pool-5.15.8.jar;C:\Users\reddydc\.m2\repository\org\apache\activemq\activemq-jms-pool\5.15.8\activemq-jms-pool-5.15.8.jar;C:\Users\reddydc\.m2\repository\org\apache\geronimo\specs\geronimo-jta_1.0.1B_spec\1.0.1\geronimo-jta_1.0.1B_spec-1.0.1.jar;C:\Users\reddydc\.m2\repository\org\apache\commons\commons-pool2\2.4.2\commons-pool2-2.4.2.jar;C:\Users\reddydc\.m2\repository\org\apache\activemq\activemq-jaas\5.15.8\activemq-jaas-5.15.8.jar;C:\Users\reddydc\.m2\repository\org\apache\activemq\activemq-openwire-legacy\5.15.8\activemq-openwire-legacy-5.15.8.jar;C:\Users\reddydc\.m2\repository\org\neo4j\driver\neo4j-java-driver\1.7.2\neo4j-java-driver-1.7.2.jar;C:\Users\reddydc\.m2\repository\org\apache\geronimo\specs\geronimo-jms_1.1_spec\1.1.1\geronimo-jms_1.1_spec-1.1.1.jar;C:\Users\reddydc\.m2\repository\org\apache\xbean\xbean-spring\3.11.1\xbean-spring-3.11.1.jar;C:\Users\reddydc\.m2\repository\javax\annotation\jsr250-api\1.0\jsr250-api-1.0.jar;C:\Users\reddydc\.m2\repository\org\aspectj\aspectjrt\1.8.9\aspectjrt-1.8.9.jar;C:\Users\reddydc\.m2\repository\org\aspectj\aspectjweaver\1.8.9\aspectjweaver-1.8.9.jar;C:\Users\reddydc\.m2\repository\org\apache\commons\commons-jexl\2.1.1\commons-jexl-2.1.1.jar;C:\Users\reddydc\.m2\repository\org\eclipse\jetty\jetty-server\9.4.11.v20180605\jetty-server-9.4.11.v20180605.jar;C:\Users\reddydc\.m2\repository\javax\servlet\javax.servlet-api\3.1.0\javax.servlet-api-3.1.0.jar;C:\Users\reddydc\.m2\repository\org\eclipse\jetty\jetty-http\9.4.11.v20180605\jetty-http-9.4.11.v20180605.jar;C:\Users\reddydc\.m2\repository\org\eclipse\jetty\jetty-io\9.4.11.v20180605\jetty-io-9.4.11.v20180605.jar;C:\Users\reddydc\.m2\repository\org\eclipse\jetty\jetty-webapp\9.4.11.v20180605\jetty-webapp-9.4.11.v20180605.jar;C:\Users\reddydc\.m2\repository\org\eclipse\jetty\jetty-xml\9.4.11.v20180605\jetty-xml-9.4.11.v20180605.jar;C:\Users\reddydc\.m2\repository\org\eclipse\jetty\jetty-util\9.4.11.v20180605\jetty-util-9.4.11.v20180605.jar;C:\Users\reddydc\.m2\repository\org\eclipse\jetty\jetty-servlet\9.4.11.v20180605\jetty-servlet-9.4.11.v20180605.jar;C:\Users\reddydc\.m2\repository\org\eclipse\jetty\jetty-security\9.4.11.v20180605\jetty-security-9.4.11.v20180605.jar;C:\Users\reddydc\.m2\repository\org\jbpm\jbpm-bpmn2\7.7.0.Final\jbpm-bpmn2-7.7.0.Final.jar;C:\Users\reddydc\.m2\repository\org\jbpm\jbpm-flow\7.7.0.Final\jbpm-flow-7.7.0.Final.jar;C:\Users\reddydc\.m2\repository\org\kie\kie-dmn-api\7.7.0.Final\kie-dmn-api-7.7.0.Final.jar;C:\Users\reddydc\.m2\repository\org\jbpm\jbpm-flow-builder\7.7.0.Final\jbpm-flow-builder-7.7.0.Final.jar;C:\Users\reddydc\.m2\repository\org\mybatis\mybatis-spring\1.3.0\mybatis-spring-1.3.0.jar;C:\Users\reddydc\.m2\repository\org\mybatis\mybatis\3.4.1\mybatis-3.4.1.jar;C:\Users\reddydc\.m2\repository\com\fasterxml\jackson\core\jackson-databind\2.9.8\jackson-databind-2.9.8.jar;C:\Users\reddydc\.m2\repository\com\fasterxml\jackson\core\jackson-core\2.9.8\jackson-core-2.9.8.jar;C:\Users\reddydc\.m2\repository\com\h2database\h2\1.3.174\h2-1.3.174.jar;C:\Users\reddydc\.m2\repository\org\xmlunit\xmlunit-core\2.6.2\xmlunit-core-2.6.2.jar;C:\Users\reddydc\.m2\repository\com\hp\uca\expert\vp\im\uca-evp-im-common\4.2.0\uca-evp-im-common-4.2.0.jar;C:\Users\reddydc\.m2\repository\com\hp\uca\expert\vp\im\uca-evp-im-schemas\4.2.0\uca-evp-im-schemas-4.2.0.jar;C:\Users\reddydc\.m2\repository\org\jvnet\jaxb2_commons\jaxb2-basics-runtime\0.9.4\jaxb2-basics-runtime-0.9.4.jar;C:\Users\reddydc\.m2\repository\com\hp\uca\common\uca-mediation-temip-mvp-mapper-keys\4.2.0\uca-mediation-temip-mvp-mapper-keys-4.2.0.jar;C:\Users\reddydc\.m2\repository\com\hp\uca\common\uca-mediation-exec-mvp-mapper-keys\4.2.0\uca-mediation-exec-mvp-mapper-keys-4.2.0.jar;C:\Users\reddydc\.m2\repository\com\hpe\uca\models\uca-model-common\4.2.0\uca-model-common-4.2.0.jar;C:\Users\reddydc\.m2\repository\com\hp\uca\expert\vp\im\uca-evp-ed-fwk\4.2.0\uca-evp-ed-fwk-4.2.0.jar;C:\Users\reddydc\.m2\repository\com\hp\uca\expert\vp\im\uca-evp-pd-fwk\4.2.0\uca-evp-pd-fwk-4.2.0.jar;C:\Users\reddydc\.m2\repository\com\hp\uca\expert\vp\im\uca-evp-tsp-fwk\4.2.0\uca-evp-tsp-fwk-4.2.0.jar;C:\Users\reddydc\.m2\repository\com\hp\uca\expert\vp\im\uca-evp-auto-fwk\4.2.0\uca-evp-auto-fwk-4.2.0.jar;C:\Users\reddydc\.m2\repository\com\hp\uca\expert\vp\im\uca-evp-tt-fwk\4.2.0\uca-evp-tt-fwk-4.2.0.jar;C:\Users\reddydc\.m2\repository\junit\junit\4.12\junit-4.12.jar;C:\Users\reddydc\.m2\repository\org\hamcrest\hamcrest-core\1.3\hamcrest-core-1.3.jar;C:\Users\reddydc\.m2\repository\org\springframework\spring-test\5.0.8.RELEASE\spring-test-5.0.8.RELEASE.jar;C:\Users\reddydc\.m2\repository\com\hp\uca\expert\uca-expert-engine\4.2.0\uca-expert-engine-4.2.0-tests.jar;C:\Users\reddydc\.m2\repository\com\hp\uca\expert\vp\im\uca-evp-im-common\4.2.0\uca-evp-im-common-4.2.0-tests.jar;C:\Users\reddydc\.m2\repository\com\hp\uca\expert\vp\im\uca-evp-pd-fwk\4.2.0\uca-evp-pd-fwk-4.2.0-tests.jar;C:\Users\reddydc\.m2\repository\com\hp\uca\expert\vp\im\uca-evp-tsp-fwk\4.2.0\uca-evp-tsp-fwk-4.2.0-tests.jar;C:\Users\reddydc\.m2\repository\org\neo4j\community\it-test-support\3.5.5\it-test-support-3.5.5.jar;C:\Users\reddydc\.m2\repository\org\neo4j\neo4j-io\3.5.5\neo4j-io-3.5.5-tests.jar;C:\Users\reddydc\.m2\repository\org\neo4j\neo4j-unsafe\3.5.5\neo4j-unsafe-3.5.5.jar;C:\Users\reddydc\.m2\repository\org\neo4j\neo4j-common\3.5.5\neo4j-common-3.5.5.jar;C:\Users\reddydc\.m2\repository\org\neo4j\neo4j-graphdb-api\3.5.5\neo4j-graphdb-api-3.5.5.jar;C:\Users\reddydc\.m2\repository\org\neo4j\neo4j-resource\3.5.5\neo4j-resource-3.5.5.jar;C:\Users\reddydc\.m2\repository\org\neo4j\neo4j-collections\3.5.5\neo4j-collections-3.5.5.jar;C:\Users\reddydc\.m2\repository\org\neo4j\neo4j-concurrent\3.5.5\neo4j-concurrent-3.5.5.jar;C:\Users\reddydc\.m2\repository\org\eclipse\collections\eclipse-collections\9.2.0\eclipse-collections-9.2.0.jar;C:\Users\reddydc\.m2\repository\org\eclipse\collections\eclipse-collections-api\9.2.0\eclipse-collections-api-9.2.0.jar;C:\Users\reddydc\.m2\repository\org\neo4j\neo4j-common\3.5.5\neo4j-common-3.5.5-tests.jar;C:\Users\reddydc\.m2\repository\org\neo4j\neo4j\3.5.5\neo4j-3.5.5.jar;C:\Users\reddydc\.m2\repository\org\neo4j\neo4j-kernel\3.5.5\neo4j-kernel-3.5.5.jar;C:\Users\reddydc\.m2\repository\org\neo4j\neo4j-annotation-processors\3.5.5\neo4j-annotation-processors-3.5.5.jar;C:\Users\reddydc\.m2\repository\org\neo4j\neo4j-procedure-api\3.5.5\neo4j-procedure-api-3.5.5.jar;C:\Users\reddydc\.m2\repository\org\neo4j\neo4j-kernel-api\3.5.5\neo4j-kernel-api-3.5.5.jar;C:\Users\reddydc\.m2\repository\org\neo4j\neo4j-diagnostics\3.5.5\neo4j-diagnostics-3.5.5.jar;C:\Users\reddydc\.m2\repository\org\neo4j\neo4j-values\3.5.5\neo4j-values-3.5.5.jar;C:\Users\reddydc\.m2\repository\org\neo4j\neo4j-io\3.5.5\neo4j-io-3.5.5.jar;C:\Users\reddydc\.m2\repository\org\neo4j\neo4j-csv\3.5.5\neo4j-csv-3.5.5.jar;C:\Users\reddydc\.m2\repository\org\neo4j\neo4j-lucene-upgrade\3.5.5\neo4j-lucene-upgrade-3.5.5.jar;C:\Users\reddydc\.m2\repository\org\apache\lucene\lucene-core\5.5.5\lucene-core-5.5.5.jar;C:\Users\reddydc\.m2\repository\org\neo4j\neo4j-configuration\3.5.5\neo4j-configuration-3.5.5.jar;C:\Users\reddydc\.m2\repository\org\neo4j\neo4j-index\3.5.5\neo4j-index-3.5.5.jar;C:\Users\reddydc\.m2\repository\org\neo4j\neo4j-spatial-index\3.5.5\neo4j-spatial-index-3.5.5.jar;C:\Users\reddydc\.m2\repository\org\neo4j\neo4j-ssl\3.5.5\neo4j-ssl-3.5.5.jar;C:\Users\reddydc\.m2\repository\org\neo4j\neo4j-lucene-index\3.5.5\neo4j-lucene-index-3.5.5.jar;C:\Users\reddydc\.m2\repository\org\apache\lucene\lucene-analyzers-common\5.5.5\lucene-analyzers-common-5.5.5.jar;C:\Users\reddydc\.m2\repository\org\apache\lucene\lucene-queryparser\5.5.5\lucene-queryparser-5.5.5.jar;C:\Users\reddydc\.m2\repository\org\apache\lucene\lucene-codecs\5.5.5\lucene-codecs-5.5.5.jar;C:\Users\reddydc\.m2\repository\org\neo4j\neo4j-fulltext-index\3.5.5\neo4j-fulltext-index-3.5.5.jar;C:\Users\reddydc\.m2\repository\org\neo4j\neo4j-graph-algo\3.5.5\neo4j-graph-algo-3.5.5.jar;C:\Users\reddydc\.m2\repository\org\neo4j\neo4j-udc\3.5.5\neo4j-udc-3.5.5.jar;C:\Users\reddydc\.m2\repository\org\neo4j\neo4j-data-collector\3.5.5\neo4j-data-collector-3.5.5.jar;C:\Users\reddydc\.m2\repository\org\neo4j\neo4j-parser-3.5\3.5.5\neo4j-parser-3.5-3.5.5.jar;C:\Users\reddydc\.m2\repository\org\neo4j\neo4j-ast-3.5\3.5.5\neo4j-ast-3.5-3.5.5.jar;C:\Users\reddydc\.m2\repository\org\neo4j\neo4j-expressions-3.5\3.5.5\neo4j-expressions-3.5-3.5.5.jar;C:\Users\reddydc\.m2\repository\org\neo4j\neo4j-rewriting-3.5\3.5.5\neo4j-rewriting-3.5-3.5.5.jar;C:\Users\reddydc\.m2\repository\org\neo4j\neo4j-cypher\3.5.5\neo4j-cypher-3.5.5.jar;C:\Users\reddydc\.m2\repository\org\neo4j\neo4j-graph-matching\3.1.9\neo4j-graph-matching-3.1.9.jar;C:\Users\reddydc\.m2\repository\org\neo4j\neo4j-codegen\3.5.5\neo4j-codegen-3.5.5.jar;C:\Users\reddydc\.m2\repository\org\ow2\asm\asm\6.2\asm-6.2.jar;C:\Users\reddydc\.m2\repository\org\ow2\asm\asm-util\6.2\asm-util-6.2.jar;C:\Users\reddydc\.m2\repository\org\ow2\asm\asm-analysis\6.2\asm-analysis-6.2.jar;C:\Users\reddydc\.m2\repository\org\ow2\asm\asm-tree\6.2\asm-tree-6.2.jar;C:\Users\reddydc\.m2\repository\org\neo4j\neo4j-cypher-compiler-2.3\2.3.12\neo4j-cypher-compiler-2.3-2.3.12.jar;C:\Users\reddydc\.m2\repository\org\neo4j\neo4j-cypher-frontend-2.3\2.3.12\neo4j-cypher-frontend-2.3-2.3.12.jar;C:\Users\reddydc\.m2\repository\com\googlecode\concurrentlinkedhashmap\concurrentlinkedhashmap-lru\1.4.2\concurrentlinkedhashmap-lru-1.4.2.jar;C:\Users\reddydc\.m2\repository\org\neo4j\neo4j-cypher-compiler-3.1\3.1.9\neo4j-cypher-compiler-3.1-3.1.9.jar;C:\Users\reddydc\.m2\repository\org\neo4j\neo4j-cypher-frontend-3.1\3.1.9\neo4j-cypher-frontend-3.1-3.1.9.jar;C:\Users\reddydc\.m2\repository\org\neo4j\neo4j-cypher-planner-3.4\3.4.12\neo4j-cypher-planner-3.4-3.4.12.jar;C:\Users\reddydc\.m2\repository\org\neo4j\openCypher-frontend-1\3.4.12\openCypher-frontend-1-3.4.12.jar;C:\Users\reddydc\.m2\repository\org\neo4j\neo4j-cypher-util-3.4\3.4.12\neo4j-cypher-util-3.4-3.4.12.jar;C:\Users\reddydc\.m2\repository\org\neo4j\neo4j-cypher-expression-3.4\3.4.12\neo4j-cypher-expression-3.4-3.4.12.jar;C:\Users\reddydc\.m2\repository\org\neo4j\neo4j-cypher-ir-3.4\3.4.12\neo4j-cypher-ir-3.4-3.4.12.jar;C:\Users\reddydc\.m2\repository\org\neo4j\neo4j-cypher-logical-plans-3.4\3.4.12\neo4j-cypher-logical-plans-3.4-3.4.12.jar;C:\Users\reddydc\.m2\repository\org\neo4j\neo4j-cypher-planner-spi-3.4\3.4.12\neo4j-cypher-planner-spi-3.4-3.4.12.jar;C:\Users\reddydc\.m2\repository\org\neo4j\neo4j-legacy\3.5.5\neo4j-legacy-3.5.5.jar;C:\Users\reddydc\.m2\repository\org\neo4j\neo4j-util-3.5\3.5.5\neo4j-util-3.5-3.5.5.jar;C:\Users\reddydc\.m2\repository\org\neo4j\neo4j-cypher-planner-3.5\3.5.5\neo4j-cypher-planner-3.5-3.5.5.jar;C:\Users\reddydc\.m2\repository\org\neo4j\neo4j-cypher-ir-3.5\3.5.5\neo4j-cypher-ir-3.5-3.5.5.jar;C:\Users\reddydc\.m2\repository\org\neo4j\neo4j-front-end-3.5\3.5.5\neo4j-front-end-3.5-3.5.5.jar;C:\Users\reddydc\.m2\repository\org\neo4j\neo4j-cypher-logical-plans-3.5\3.5.5\neo4j-cypher-logical-plans-3.5-3.5.5.jar;C:\Users\reddydc\.m2\repository\org\neo4j\neo4j-cypher-planner-spi-3.5\3.5.5\neo4j-cypher-planner-spi-3.5-3.5.5.jar;C:\Users\reddydc\.m2\repository\org\neo4j\neo4j-cypher-runtime-util\3.5.5\neo4j-cypher-runtime-util-3.5.5.jar;C:\Users\reddydc\.m2\repository\org\neo4j\neo4j-cypher-interpreted-runtime\3.5.5\neo4j-cypher-interpreted-runtime-3.5.5.jar;C:\Users\reddydc\.m2\repository\org\parboiled\parboiled-scala_2.11\1.1.7\parboiled-scala_2.11-1.1.7.jar;C:\Users\reddydc\.m2\repository\org\parboiled\parboiled-core\1.1.7\parboiled-core-1.1.7.jar;C:\Users\reddydc\.m2\repository\net\sf\opencsv\opencsv\2.3\opencsv-2.3.jar;C:\Users\reddydc\.m2\repository\org\neo4j\neo4j-jmx\3.5.5\neo4j-jmx-3.5.5.jar;C:\Users\reddydc\.m2\repository\org\neo4j\neo4j-bolt\3.5.5\neo4j-bolt-3.5.5.jar;C:\Users\reddydc\.m2\repository\io\netty\netty-all\4.1.32.Final\netty-all-4.1.32.Final.jar;C:\Users\reddydc\.m2\repository\org\bouncycastle\bcpkix-jdk15on\1.60\bcpkix-jdk15on-1.60.jar;C:\Users\reddydc\.m2\repository\org\neo4j\neo4j-consistency-check\3.5.5\neo4j-consistency-check-3.5.5.jar;C:\Users\reddydc\.m2\repository\org\neo4j\neo4j-command-line\3.5.5\neo4j-command-line-3.5.5.jar;C:\Users\reddydc\.m2\repository\org\neo4j\neo4j-dbms\3.5.5\neo4j-dbms-3.5.5.jar;C:\Users\reddydc\.m2\repository\org\neo4j\neo4j-import-tool\3.5.5\neo4j-import-tool-3.5.5.jar;C:\Users\reddydc\.m2\repository\org\jprocesses\jProcesses\1.6.4\jProcesses-1.6.4.jar;C:\Users\reddydc\.m2\repository\com\profesorfalken\WMI4Java\1.6.1\WMI4Java-1.6.1.jar;C:\Users\reddydc\.m2\repository\com\profesorfalken\jPowerShell\1.9\jPowerShell-1.9.jar;C:\Users\reddydc\.m2\repository\org\neo4j\licensing-proxy\zstd-proxy\3.5.5\zstd-proxy-3.5.5.jar;C:\Users\reddydc\.m2\repository\com\github\luben\zstd-jni\1.3.8-6\zstd-jni-1.3.8-6.jar;C:\Program Files\Java\jdk1.8.0_221\jre\..\lib\tools.jar;C:\Users\reddydc\.m2\repository\com\hpe\uca\models\uca-model-common\4.2.0\uca-model-common-4.2.0-tests.jar;C:\Users\reddydc\.m2\repository\com\hpe\uca\models\uca-model-loader\4.2.0\uca-model-loader-4.2.0.jar;C:\Users\reddydc\.m2\repository\com\hpe\uca\graphdb\neo4j-loader\4.2.0\neo4j-loader-4.2.0.jar;C:\Users\reddydc\.m2\repository\com\hp\uca\common\graph-database-entity-model\4.2.0\graph-database-entity-model-4.2.0.jar;"/>
    <property name="sun.cpu.endian" value="little"/>
    <property name="user.home" value="C:\Users\reddydc"/>
    <property name="user.language" value="en"/>
    <property name="java.specification.vendor" value="Oracle Corporation"/>
    <property name="java.home" value="C:\Program Files\Java\jdk1.8.0_221\jre"/>
    <property name="basedir" value="C:\VIL_IDEA\UCA_4_2_Workspace\IP_CEN_01"/>
    <property name="file.separator" value="\"/>
    <property name="line.separator" value="&#10;"/>
    <property name="java.vm.specification.vendor" value="Oracle Corporation"/>
    <property name="java.specification.name" value="Java Platform API Specification"/>
    <property name="java.awt.graphicsenv" value="sun.awt.Win32GraphicsEnvironment"/>
    <property name="surefire.real.class.path" value="C:\Users\reddydc\AppData\Local\Temp\surefire3343001342177590013\surefirebooter8807916136962879924.jar"/>
    <property name="sun.boot.class.path" value="C:\Program Files\Java\jdk1.8.0_221\jre\lib\resources.jar;C:\Program Files\Java\jdk1.8.0_221\jre\lib\rt.jar;C:\Program Files\Java\jdk1.8.0_221\jre\lib\sunrsasign.jar;C:\Program Files\Java\jdk1.8.0_221\jre\lib\jsse.jar;C:\Program Files\Java\jdk1.8.0_221\jre\lib\jce.jar;C:\Program Files\Java\jdk1.8.0_221\jre\lib\charsets.jar;C:\Program Files\Java\jdk1.8.0_221\jre\lib\jfr.jar;C:\Program Files\Java\jdk1.8.0_221\jre\classes"/>
    <property name="user.script" value=""/>
    <property name="sun.management.compiler" value="HotSpot 64-Bit Tiered Compilers"/>
    <property name="java.runtime.version" value="1.8.0_221-b11"/>
    <property name="user.name" value="reddydc"/>
    <property name="path.separator" value=";"/>
    <property name="os.version" value="10.0"/>
    <property name="java.endorsed.dirs" value="C:\Program Files\Java\jdk1.8.0_221\jre\lib\endorsed"/>
    <property name="java.runtime.name" value="Java(TM) SE Runtime Environment"/>
    <property name="file.encoding" value="Cp1252"/>
    <property name="java.vm.name" value="Java HotSpot(TM) 64-Bit Server VM"/>
    <property name="localRepository" value="C:\Users\reddydc\.m2\repository"/>
    <property name="java.vendor.url.bug" value="http://bugreport.sun.com/bugreport/"/>
    <property name="java.io.tmpdir" value="C:\Users\reddydc\AppData\Local\Temp\"/>
    <property name="java.version" value="1.8.0_221"/>
    <property name="user.dir" value="C:\VIL_IDEA\UCA_4_2_Workspace\IP_CEN_01"/>
    <property name="os.arch" value="amd64"/>
    <property name="java.vm.specification.name" value="Java Virtual Machine Specification"/>
    <property name="java.awt.printerjob" value="sun.awt.windows.WPrinterJob"/>
    <property name="sun.os.patch.level" value=""/>
    <property name="java.library.path" value="C:\Program Files\Java\jdk1.8.0_221\jre\bin;C:\windows\Sun\Java\bin;C:\windows\system32;C:\windows;C:/Program Files/Java/jre1.8.0_221/bin/server;C:/Program Files/Java/jre1.8.0_221/bin;C:/Program Files/Java/jre1.8.0_221/lib/amd64;C:\Program Files (x86)\Common Files\Oracle\Java\javapath;C:\ProgramData\Oracle\Java\javapath;C:\windows\system32;C:\windows;C:\windows\System32\Wbem;C:\windows\System32\WindowsPowerShell\v1.0\;C:\VIL_IDEA\Softwares\apache-maven-3.6.1-bin\apache-maven-3.6.1\bin;C:\UCA-EBC-DEV\4.2.0\\3pp\ant\bin;C:\UCA-EBC-DEV\4.1.0\\3pp\ant\bin;C:\Program Files\MySQL\MySQL Shell 8.0\bin\;C:\VIL_IDEA\Softwares\eclipse-jee-2019-06-R-win32-x86_64\eclipse;;."/>
    <property name="java.vm.info" value="mixed mode"/>
    <property name="java.vendor" value="Oracle Corporation"/>
    <property name="java.vm.version" value="25.221-b11"/>
    <property name="java.ext.dirs" value="C:\Program Files\Java\jdk1.8.0_221\jre\lib\ext;C:\windows\Sun\Java\lib\ext"/>
    <property name="sun.io.unicode.encoding" value="UnicodeLittle"/>
    <property name="java.class.version" value="52.0"/>
  </properties>
  <testcase name="sampleTest" classname="ft.sample.SampleTest" time="4.091"/>
</testsuite>